# JRE version: OpenJDK Runtime Environment (11.0.10) (build 11.0.10+0-b96-7249189)
# Java VM: OpenJDK 64-Bit Server VM (11.0.10+0-b96-7249189, mixed mode, tiered, compressed oops, g1 gc, windows-amd64)
Heap:
 garbage-first heap   total 230400K, used 172359K [0x0000000080000000, 0x0000000100000000)
  region size 1024K, 54 young (55296K), 7 survivors (7168K)
 Metaspace       used 145380K, capacity 149261K, committed 150220K, reserved 1179648K
  class space    used 17861K, capacity 19282K, committed 19660K, reserved 1048576K
GC Heap History (20 events):
Event: 5155.866 GC heap before
{Heap before GC invocations=121 (full 0):
 garbage-first heap   total 230400K, used 168290K [0x0000000080000000, 0x0000000100000000)
  region size 1024K, 60 young (61440K), 1 survivors (1024K)
 Metaspace       used 142144K, capacity 145769K, committed 150220K, reserved 1179648K
  class space    used 17518K, capacity 18874K, committed 19660K, reserved 1048576K
}
Event: 5155.873 GC heap after
{Heap after GC invocations=122 (full 0):
 garbage-first heap   total 230400K, used 112566K [0x0000000080000000, 0x0000000100000000)
  region size 1024K, 4 young (4096K), 4 survivors (4096K)
 Metaspace       used 142144K, capacity 145769K, committed 150220K, reserved 1179648K
  class space    used 17518K, capacity 18874K, committed 19660K, reserved 1048576K
}
Event: 6498.560 GC heap before
{Heap before GC invocations=123 (full 0):
 garbage-first heap   total 230400K, used 199606K [0x0000000080000000, 0x0000000100000000)
  region size 1024K, 69 young (70656K), 4 survivors (4096K)
 Metaspace       used 143043K, capacity 146990K, committed 150220K, reserved 1179648K
  class space    used 17634K, capacity 19027K, committed 19660K, reserved 1048576K
}
Event: 6498.570 GC heap after
{Heap after GC invocations=124 (full 0):
 garbage-first heap   total 230400K, used 123321K [0x0000000080000000, 0x0000000100000000)
  region size 1024K, 6 young (6144K), 6 survivors (6144K)
 Metaspace       used 143043K, capacity 146990K, committed 150220K, reserved 1179648K
  class space    used 17634K, capacity 19027K, committed 19660K, reserved 1048576K
}
Event: 6498.622 GC heap before
{Heap before GC invocations=124 (full 0):
 garbage-first heap   total 230400K, used 128441K [0x0000000080000000, 0x0000000100000000)
  region size 1024K, 11 young (11264K), 6 survivors (6144K)
 Metaspace       used 143053K, capacity 146990K, committed 150220K, reserved 1179648K
  class space    used 17634K, capacity 19027K, committed 19660K, reserved 1048576K
}
Event: 6498.646 GC heap after
{Heap after GC invocations=125 (full 0):
 garbage-first heap   total 230400K, used 117819K [0x0000000080000000, 0x0000000100000000)
  region size 1024K, 2 young (2048K), 2 survivors (2048K)
 Metaspace       used 143053K, capacity 146990K, committed 150220K, reserved 1179648K
  class space    used 17634K, capacity 19027K, committed 19660K, reserved 1048576K
}
Event: 6499.405 GC heap before
{Heap before GC invocations=125 (full 0):
 garbage-first heap   total 230400K, used 180283K [0x0000000080000000, 0x0000000100000000)
  region size 1024K, 64 young (65536K), 2 survivors (2048K)
 Metaspace       used 144732K, capacity 148724K, committed 150220K, reserved 1179648K
  class space    used 17858K, capacity 19298K, committed 19660K, reserved 1048576K
}
Event: 6499.423 GC heap after
{Heap after GC invocations=126 (full 0):
 garbage-first heap   total 230400K, used 121818K [0x0000000080000000, 0x0000000100000000)
  region size 1024K, 6 young (6144K), 6 survivors (6144K)
 Metaspace       used 144732K, capacity 148724K, committed 150220K, reserved 1179648K
  class space    used 17858K, capacity 19298K, committed 19660K, reserved 1048576K
}
Event: 6831.412 GC heap before
{Heap before GC invocations=127 (full 0):
 garbage-first heap   total 230400K, used 183258K [0x0000000080000000, 0x0000000100000000)
  region size 1024K, 67 young (68608K), 6 survivors (6144K)
 Metaspace       used 145319K, capacity 149450K, committed 150220K, reserved 1179648K
  class space    used 17925K, capacity 19398K, committed 19660K, reserved 1048576K
}
Event: 6831.427 GC heap after
{Heap after GC invocations=128 (full 0):
 garbage-first heap   total 230400K, used 126506K [0x0000000080000000, 0x0000000100000000)
  region size 1024K, 9 young (9216K), 9 survivors (9216K)
 Metaspace       used 145319K, capacity 149450K, committed 150220K, reserved 1179648K
  class space    used 17925K, capacity 19398K, committed 19660K, reserved 1048576K
}
Event: 6831.457 GC heap before
{Heap before GC invocations=128 (full 0):
 garbage-first heap   total 230400K, used 128554K [0x0000000080000000, 0x0000000100000000)
  region size 1024K, 11 young (11264K), 9 survivors (9216K)
 Metaspace       used 145323K, capacity 149450K, committed 150220K, reserved 1179648K
  class space    used 17925K, capacity 19398K, committed 19660K, reserved 1048576K
}
Event: 6831.478 GC heap after
{Heap after GC invocations=129 (full 0):
 garbage-first heap   total 230400K, used 121679K [0x0000000080000000, 0x0000000100000000)
  region size 1024K, 2 young (2048K), 2 survivors (2048K)
 Metaspace       used 145323K, capacity 149450K, committed 150220K, reserved 1179648K
  class space    used 17925K, capacity 19398K, committed 19660K, reserved 1048576K
}
Event: 7117.734 GC heap before
{Heap before GC invocations=129 (full 0):
 garbage-first heap   total 230400K, used 183119K [0x0000000080000000, 0x0000000100000000)
  region size 1024K, 63 young (64512K), 2 survivors (2048K)
 Metaspace       used 145493K, capacity 149673K, committed 150220K, reserved 1179648K
  class space    used 17939K, capacity 19423K, committed 19660K, reserved 1048576K
}
Event: 7117.747 GC heap after
{Heap after GC invocations=130 (full 0):
 garbage-first heap   total 230400K, used 125354K [0x0000000080000000, 0x0000000100000000)
  region size 1024K, 5 young (5120K), 5 survivors (5120K)
 Metaspace       used 145493K, capacity 149673K, committed 150220K, reserved 1179648K
  class space    used 17939K, capacity 19423K, committed 19660K, reserved 1048576K
}
Event: 9665.362 GC heap before
{Heap before GC invocations=131 (full 0):
 garbage-first heap   total 230400K, used 187818K [0x0000000080000000, 0x0000000100000000)
  region size 1024K, 66 young (67584K), 5 survivors (5120K)
 Metaspace       used 145089K, capacity 149083K, committed 150220K, reserved 1179648K
  class space    used 17862K, capacity 19280K, committed 19660K, reserved 1048576K
}
Event: 9665.407 GC heap after
{Heap after GC invocations=132 (full 0):
 garbage-first heap   total 230400K, used 127509K [0x0000000080000000, 0x0000000100000000)
  region size 1024K, 2 young (2048K), 2 survivors (2048K)
 Metaspace       used 145089K, capacity 149083K, committed 150220K, reserved 1179648K
  class space    used 17862K, capacity 19280K, committed 19660K, reserved 1048576K
}
Event: 9665.722 GC heap before
{Heap before GC invocations=132 (full 0):
 garbage-first heap   total 230400K, used 136725K [0x0000000080000000, 0x0000000100000000)
  region size 1024K, 11 young (11264K), 2 survivors (2048K)
 Metaspace       used 145134K, capacity 149098K, committed 150220K, reserved 1179648K
  class space    used 17864K, capacity 19284K, committed 19660K, reserved 1048576K
}
Event: 9665.790 GC heap after
{Heap after GC invocations=133 (full 0):
 garbage-first heap   total 230400K, used 120227K [0x0000000080000000, 0x0000000100000000)
  region size 1024K, 2 young (2048K), 2 survivors (2048K)
 Metaspace       used 145134K, capacity 149098K, committed 150220K, reserved 1179648K
  class space    used 17864K, capacity 19284K, committed 19660K, reserved 1048576K
}
Event: 9706.923 GC heap before
{Heap before GC invocations=133 (full 0):
 garbage-first heap   total 230400K, used 183715K [0x0000000080000000, 0x0000000100000000)
  region size 1024K, 65 young (66560K), 2 survivors (2048K)
 Metaspace       used 145377K, capacity 149306K, committed 150220K, reserved 1179648K
  class space    used 17877K, capacity 19307K, committed 19660K, reserved 1048576K
}
Event: 9706.945 GC heap after
{Heap after GC invocations=134 (full 0):
 garbage-first heap   total 230400K, used 125255K [0x0000000080000000, 0x0000000100000000)
  region size 1024K, 7 young (7168K), 7 survivors (7168K)
 Metaspace       used 145377K, capacity 149306K, committed 150220K, reserved 1179648K
  class space    used 17877K, capacity 19307K, committed 19660K, reserved 1048576K
}

